2023-04-02 22:02:12.117062 - Initialized conversion of CBT119
2023-04-02 22:02:12.707481 - Received CBT.V504.FILE119.PDS from FILE119.XMI 
2023-04-02 22:02:12.709882 - Found $$$#DATE.txt (text/plain) in CBT.V504.FILE119.PDS, moved to PDS/$$$#DATE
2023-04-02 22:02:12.711042 - Found $$DOC.txt (text/plain) in CBT.V504.FILE119.PDS, moved to PDS/$$DOC
2023-04-02 22:02:12.712049 - Found $$NOTE01.txt (text/plain) in CBT.V504.FILE119.PDS, moved to PDS/$$NOTE01
2023-04-02 22:02:12.713062 - Found $$NOTE02.txt (text/plain) in CBT.V504.FILE119.PDS, moved to PDS/$$NOTE02
2023-04-02 22:02:12.714050 - Found $$NOTE03.txt (text/plain) in CBT.V504.FILE119.PDS, moved to PDS/$$NOTE03
2023-04-02 22:02:12.715040 - Found $$NOTE04.txt (text/plain) in CBT.V504.FILE119.PDS, moved to PDS/$$NOTE04
2023-04-02 22:02:12.715993 - Found $INDEX.txt (text/plain) in CBT.V504.FILE119.PDS, moved to PDS/$INDEX
2023-04-02 22:02:12.716922 - Found @FILE119.txt (text/plain) in CBT.V504.FILE119.PDS, moved to PDS/@FILE119
2023-04-02 22:02:12.717839 - Found APUT.txt (text/plain) in CBT.V504.FILE119.PDS, moved to PDS/APUT
2023-04-02 22:02:12.718783 - Found ASHELP.txt (text/plain) in CBT.V504.FILE119.PDS, moved to PDS/ASHELP
2023-04-02 22:02:12.719805 - Found ASID.txt (text/plain) in CBT.V504.FILE119.PDS, moved to PDS/ASID
2023-04-02 22:02:12.720752 - Found B.txt (text/plain) in CBT.V504.FILE119.PDS, moved to PDS/B
2023-04-02 22:02:12.721649 - Found CALL#.txt (text/plain) in CBT.V504.FILE119.PDS, moved to PDS/CALL#
2023-04-02 22:02:12.722508 - Found CLRHELP.txt (text/plain) in CBT.V504.FILE119.PDS, moved to PDS/CLRHELP
2023-04-02 22:02:12.723457 - Found CLR3270.jcl (text/plain) in CBT.V504.FILE119.PDS, moved to PDS/CLR3270
2023-04-02 22:02:12.724356 - Found CLR3270A.txt (text/plain) in CBT.V504.FILE119.PDS, moved to PDS/CLR3270A
2023-04-02 22:02:12.725189 - Found CLR3270B.jcl (text/plain) in CBT.V504.FILE119.PDS, moved to PDS/CLR3270B
2023-04-02 22:02:12.726030 - Found CLR3270Z.txt (text/plain) in CBT.V504.FILE119.PDS, moved to PDS/CLR3270Z
2023-04-02 22:02:12.726934 - Found CPPL.txt (text/plain) in CBT.V504.FILE119.PDS, moved to PDS/CPPL
2023-04-02 22:02:12.727878 - Found CSPL.txt (text/plain) in CBT.V504.FILE119.PDS, moved to PDS/CSPL
2023-04-02 22:02:12.728870 - Found DATA#.txt (text/plain) in CBT.V504.FILE119.PDS, moved to PDS/DATA#
2023-04-02 22:02:12.729856 - Found DO.txt (text/plain) in CBT.V504.FILE119.PDS, moved to PDS/DO
2023-04-02 22:02:12.730779 - Found DOWHILE.txt (text/plain) in CBT.V504.FILE119.PDS, moved to PDS/DOWHILE
2023-04-02 22:02:12.731706 - Found DOWHLOR.txt (text/plain) in CBT.V504.FILE119.PDS, moved to PDS/DOWHLOR
2023-04-02 22:02:12.732586 - Found DYNAJOB.txt (text/plain) in CBT.V504.FILE119.PDS, moved to PDS/DYNAJOB
2023-04-02 22:02:12.733438 - Found DYNANAME.txt (text/plain) in CBT.V504.FILE119.PDS, moved to PDS/DYNANAME
2023-04-02 22:02:12.734281 - Found E.txt (text/plain) in CBT.V504.FILE119.PDS, moved to PDS/E
2023-04-02 22:02:12.735327 - Found ELSE.txt (text/plain) in CBT.V504.FILE119.PDS, moved to PDS/ELSE
2023-04-02 22:02:12.736327 - Found END#.txt (text/plain) in CBT.V504.FILE119.PDS, moved to PDS/END#
2023-04-02 22:02:12.737284 - Found ENDDATA#.txt (text/plain) in CBT.V504.FILE119.PDS, moved to PDS/ENDDATA#
2023-04-02 22:02:12.738154 - Found ENDDO.txt (text/plain) in CBT.V504.FILE119.PDS, moved to PDS/ENDDO
2023-04-02 22:02:12.739164 - Found ENDIF.txt (text/plain) in CBT.V504.FILE119.PDS, moved to PDS/ENDIF
2023-04-02 22:02:12.740116 - Found ENTRE#.txt (text/plain) in CBT.V504.FILE119.PDS, moved to PDS/ENTRE#
2023-04-02 22:02:12.741007 - Found EOJ.txt (text/plain) in CBT.V504.FILE119.PDS, moved to PDS/EOJ
2023-04-02 22:02:12.741983 - Found EPUTL.txt (text/plain) in CBT.V504.FILE119.PDS, moved to PDS/EPUTL
2023-04-02 22:02:12.742940 - Found EPUTL$.jcl (text/plain) in CBT.V504.FILE119.PDS, moved to PDS/EPUTL$
2023-04-02 22:02:12.743908 - Found EPUTL01.txt (text/plain) in CBT.V504.FILE119.PDS, moved to PDS/EPUTL01
2023-04-02 22:02:12.744884 - Found EPUTL02.txt (text/plain) in CBT.V504.FILE119.PDS, moved to PDS/EPUTL02
2023-04-02 22:02:12.745833 - Found EXIT#.txt (text/plain) in CBT.V504.FILE119.PDS, moved to PDS/EXIT#
2023-04-02 22:02:12.746830 - Found GENC.txt (text/plain) in CBT.V504.FILE119.PDS, moved to PDS/GENC
2023-04-02 22:02:12.747793 - Found HMDCHRON.txt (text/plain) in CBT.V504.FILE119.PDS, moved to PDS/HMDCHRON
2023-04-02 22:02:12.748749 - Found HTIME.txt (text/plain) in CBT.V504.FILE119.PDS, moved to PDS/HTIME
2023-04-02 22:02:12.749709 - Found IEFDB401.txt (text/plain) in CBT.V504.FILE119.PDS, moved to PDS/IEFDB401
2023-04-02 22:02:12.750624 - Found IEXIT#.txt (text/plain) in CBT.V504.FILE119.PDS, moved to PDS/IEXIT#
2023-04-02 22:02:12.751574 - Found IF.txt (text/plain) in CBT.V504.FILE119.PDS, moved to PDS/IF
2023-04-02 22:02:12.752511 - Found IFOR.txt (text/plain) in CBT.V504.FILE119.PDS, moved to PDS/IFOR
2023-04-02 22:02:12.753382 - Found INIT#.txt (text/plain) in CBT.V504.FILE119.PDS, moved to PDS/INIT#
2023-04-02 22:02:12.754222 - Found INUSE.txt (text/plain) in CBT.V504.FILE119.PDS, moved to PDS/INUSE
2023-04-02 22:02:12.755101 - Found IOPL.txt (text/plain) in CBT.V504.FILE119.PDS, moved to PDS/IOPL
2023-04-02 22:02:12.755978 - Found JESUX006.txt (text/plain) in CBT.V504.FILE119.PDS, moved to PDS/JESUX006
2023-04-02 22:02:12.756839 - Found JOBNAME.txt (text/plain) in CBT.V504.FILE119.PDS, moved to PDS/JOBNAME
2023-04-02 22:02:12.757685 - Found JULDATE.txt (text/plain) in CBT.V504.FILE119.PDS, moved to PDS/JULDATE
2023-04-02 22:02:12.758532 - Found JULGREG.txt (text/plain) in CBT.V504.FILE119.PDS, moved to PDS/JULGREG
2023-04-02 22:02:12.759472 - Found LDROP.txt (text/plain) in CBT.V504.FILE119.PDS, moved to PDS/LDROP
2023-04-02 22:02:12.760437 - Found LM00038.jcl (text/plain) in CBT.V504.FILE119.PDS, moved to PDS/LM00038
2023-04-02 22:02:12.761412 - Found LM00039.jcl (text/plain) in CBT.V504.FILE119.PDS, moved to PDS/LM00039
2023-04-02 22:02:12.762289 - Found LUSE.txt (text/plain) in CBT.V504.FILE119.PDS, moved to PDS/LUSE
2023-04-02 22:02:12.763164 - Found MAKEDAY.txt (text/plain) in CBT.V504.FILE119.PDS, moved to PDS/MAKEDAY
2023-04-02 22:02:12.764087 - Found PDFHELP.txt (text/plain) in CBT.V504.FILE119.PDS, moved to PDS/PDFHELP
2023-04-02 22:02:12.765133 - Found PDFINIT.txt (text/plain) in CBT.V504.FILE119.PDS, moved to PDS/PDFINIT
2023-04-02 22:02:12.766079 - Found REGS.txt (text/plain) in CBT.V504.FILE119.PDS, moved to PDS/REGS
2023-04-02 22:02:12.767097 - Found SEQCK.txt (text/plain) in CBT.V504.FILE119.PDS, moved to PDS/SEQCK
2023-04-02 22:02:12.768013 - Found SETREG.txt (text/plain) in CBT.V504.FILE119.PDS, moved to PDS/SETREG
2023-04-02 22:02:12.768946 - Found SM.jcl (text/plain) in CBT.V504.FILE119.PDS, moved to PDS/SM
2023-04-02 22:02:12.770305 - Found STCADOC.txt (text/plain) in CBT.V504.FILE119.PDS, moved to PDS/STCADOC
2023-04-02 22:02:12.771409 - Found TSOENTEO.txt (text/plain) in CBT.V504.FILE119.PDS, moved to PDS/TSOENTEO
2023-04-02 22:02:12.772324 - Found TSOENTER.txt (text/plain) in CBT.V504.FILE119.PDS, moved to PDS/TSOENTER
2023-04-02 22:02:12.773175 - Found TSOLEAVE.txt (text/plain) in CBT.V504.FILE119.PDS, moved to PDS/TSOLEAVE
2023-04-02 22:02:12.774019 - Found TSOLEAVO.txt (text/plain) in CBT.V504.FILE119.PDS, moved to PDS/TSOLEAVO
2023-04-02 22:02:12.774951 - Found UNITDOC.txt (text/plain) in CBT.V504.FILE119.PDS, moved to PDS/UNITDOC
2023-04-02 22:02:12.775870 - Found UNTIL.txt (text/plain) in CBT.V504.FILE119.PDS, moved to PDS/UNTIL
2023-04-02 22:02:12.776723 - Found UNTILOR.txt (text/plain) in CBT.V504.FILE119.PDS, moved to PDS/UNTILOR
2023-04-02 22:02:12.777567 - Found XABSM.txt (text/plain) in CBT.V504.FILE119.PDS, moved to PDS/XABSM
2023-04-02 22:02:12.778391 - Found XFERDOC.txt (text/plain) in CBT.V504.FILE119.PDS, moved to PDS/XFERDOC
2023-04-02 22:02:12.779334 - Found XFERINST.txt (text/plain) in CBT.V504.FILE119.PDS, moved to PDS/XFERINST
2023-04-02 22:02:12.780202 - Found XFERJOB.jcl (text/plain) in CBT.V504.FILE119.PDS, moved to PDS/XFERJOB
2023-04-02 22:02:12.781044 - Found XFERUTIL.txt (text/plain) in CBT.V504.FILE119.PDS, moved to PDS/XFERUTIL
2023-04-02 22:02:12.781900 - Found XFERVOL.txt (text/plain) in CBT.V504.FILE119.PDS, moved to PDS/XFERVOL
2023-04-02 22:02:12.782810 - Found XFERWTO.txt (text/plain) in CBT.V504.FILE119.PDS, moved to PDS/XFERWTO
2023-04-02 22:02:12.783723 - Found XFER1.txt (text/plain) in CBT.V504.FILE119.PDS, moved to PDS/XFER1
2023-04-02 22:02:12.784626 - Found XFER2.txt (text/plain) in CBT.V504.FILE119.PDS, moved to PDS/XFER2
2023-04-02 22:02:12.785560 - Found XIX.txt (text/plain) in CBT.V504.FILE119.PDS, moved to PDS/XIX
2023-04-02 22:02:12.786512 - Found XIXHELP.txt (text/plain) in CBT.V504.FILE119.PDS, moved to PDS/XIXHELP
2023-04-02 22:02:12.787440 - Found X1.txt (text/plain) in CBT.V504.FILE119.PDS, moved to PDS/X1
